[INFO  - 2018-07-30T00:17:00.328Z] GhostDriver - Main - running on port 65293
[INFO  - 2018-07-30T00:17:00.360Z] Session [e0a79130-938d-11e8-bc80-398eec596328] - page.settings - {"XSSAuditingEnabled":false,"javascriptCanCloseWindows":true,"javascriptCanOpenWindows":true,"javascriptEnabled":true,"loadImages":false,"localToRemoteUrlAccessEnabled":false,"userAgent":"Mozilla/5.0 (Macintosh; Intel Mac OS X) AppleWebKit/538.1 (KHTML, like Gecko) PhantomJS/2.1.1 Safari/538.1","webSecurityEnabled":true}
[INFO  - 2018-07-30T00:17:00.360Z] Session [e0a79130-938d-11e8-bc80-398eec596328] - page.customHeaders:  - {}
[INFO  - 2018-07-30T00:17:00.360Z] Session [e0a79130-938d-11e8-bc80-398eec596328] - Session.negotiatedCapabilities - {"browserName":"phantomjs","version":"2.1.1","driverName":"ghostdriver","driverVersion":"1.2.0","platform":"mac-unknown-64bit","javascriptEnabled":true,"takesScreenshot":true,"handlesAlerts":false,"databaseEnabled":false,"locationContextEnabled":false,"applicationCacheEnabled":false,"browserConnectionEnabled":false,"cssSelectorsEnabled":true,"webStorageEnabled":false,"rotatable":false,"acceptSslCerts":false,"nativeEvents":true,"proxy":{"proxyType":"direct"}}
[INFO  - 2018-07-30T00:17:00.360Z] SessionManagerReqHand - _postNewSessionCommand - New Session Created: e0a79130-938d-11e8-bc80-398eec596328
[ERROR - 2018-07-30T00:17:15.549Z] Session [e0a79130-938d-11e8-bc80-398eec596328] - page.onError - msg: [LightStep:ERROR Sun Jul 29 2018 20:17:15 GMT-0400 (EDT)] Error in report: status code = 0 [object Object]

  phantomjs://platform/console++.js:263 in error
[ERROR - 2018-07-30T00:17:15.549Z] Session [e0a79130-938d-11e8-bc80-398eec596328] - page.onError - stack:
  tN (https://cdn-static-1.medium.com/_/fp/gen-js/main-base.bundle.B1GiwPttsH-nYBlFe_V2QA.[INFO  - 2018-07-30T00:22:08.835Z] SessionManagerReqHand - _cleanupWindowlessSessions - Asynchronous Sessions clean-up phase starting NOW
8] - page.onError - msg: [LightStep:ERROR Sun Jul 29 2018 20:17:18 GMT-0400 (EDT)] Error in report: status code = 0 [object Object]

  phantomjs://platform/console++.js:263 in error
[ERROR - 2018-07-30T00:17:18.572Z] Session [e0a79130-938d-11e8-bc80-398eec596328] - page.onError - stack:
  tN (https://cdn-static-1.medium.com/_/fp/gen-js/main-base.bundle.B1GiwPttsH-nYBlFe_V2QA.js:2265)

  phantomjs://platform/console++.js:263 in error
[ERROR - 2018-07-30T00:17:24.091Z] Session [e0a79130-938d-11e8-bc80-398eec596328] - page.onError - msg: [LightStep:ERROR Sun Jul 29 2018 20:17:24 GMT-0400 (EDT)] Error in report: status code = 0 [object Object]

  phantomjs://platform/console++.js:263 in error
[ERROR - 2018-07-30T00:17:24.091Z] Session [e0a79130-938d-11e8-bc80-398eec596328] - page.onError - stack:
  tN (https://cdn-static-1.medium.com/_/fp/gen-js/main-base.bundle.B1GiwPttsH-nYBlFe_V2QA.js:2265)

  phantomjs://platform/console++.js:263 in error
[ERROR - 2018-07-30T00:17:33.224Z] Session [e0a79130-938d-11e8-bc80-398eec596328] - page.onError - msg: [LightStep:ERROR Sun Jul 29 2018 20:17:33 GMT-0400 (EDT)] Error in report: status code = 0 [object Object]

  phantomjs://platform/console++.js:263 in error
[ERROR - 2018-07-30T00:17:33.226Z] Session [e0a79130-938d-11e8-bc80-398eec596328] - page.onError - stack:
  tN (https://cdn-static-1.medium.com/_/fp/gen-js/main-base.bundle.B1GiwPttsH-nYBlFe_V2QA.js:2265)

  phantomjs://platform/console++.js:263 in error
[ERROR - 2018-07-30T00:17:43.113Z] Session [e0a79130-938d-11e8-bc80-398eec596328] - page.onError - msg: [LightStep:ERROR Sun Jul 29 2018 20:17:43 GMT-0400 (EDT)] Error in report: status code = 0 [object Object]

  phantomjs://platform/console++.js:263 in error
[ERROR - 2018-07-30T00:17:43.113Z] Session [e0a79130-938d-11e8-bc80-398eec596328] - page.onError - stack:
  tN (https://cdn-static-1.medium.com/_/fp/gen-js/main-base.bundle.B1GiwPttsH-nYBlFe_V2QA.js:2265)

  phantomjs://platform/console++.js:263 in error
[ERROR - 2018-07-30T00:17:48.338Z] Session [e0a79130-938d-11e8-bc80-398eec596328] - page.onError - msg: [LightStep:ERROR Sun Jul 29 2018 20:17:48 GMT-0400 (EDT)] Error in report: status code = 0 [object Object]

  phantomjs://platform/console++.js:263 in error
[ERROR - 2018-07-30T00:17:48.339Z] Session [e0a79130-938d-11e8-bc80-398eec596328] - page.onError - stack:
  tN (https://cdn-static-1.medium.com/_/fp/gen-js/main-base.bundle.B1GiwPttsH-nYBlFe_V2QA.js:2265)

  phantomjs://platform/console++.js:263 in error
[ERROR - 2018-07-30T00:17:53.191Z] Session [e0a79130-938d-11e8-bc80-398eec596328] - page.onError - msg: [LightStep:ERROR Sun Jul 29 2018 20:17:53 GMT-0400 (EDT)] Error in report: status code = 0 [object Object]

  phantomjs://platform/console++.js:263 in error
[ERROR - 2018-07-30T00:17:53.191Z] Session [e0a79130-938d-11e8-bc80-398eec596328] - page.onError - stack:
  tN (https://cdn-static-1.medium.com/_/fp/gen-js/main-base.bundle.B1GiwPttsH-nYBlFe_V2QA.js:2265)

  phantomjs://platform/console++.js:263 in error
[ERROR - 2018-07-30T00:18:03.875Z] Session [e0a79130-938d-11e8-bc80-398eec596328] - page.onError - msg: [LightStep:ERROR Sun Jul 29 2018 20:18:03 GMT-0400 (EDT)] Error in report: status code = 0 [object Object]

  phantomjs://platform/console++.js:263 in error
[ERROR - 2018-07-30T00:18:03.876Z] Session [e0a79130-938d-11e8-bc80-398eec596328] - page.onError - stack:
  tN (https://cdn-static-1.medium.com/_/fp/gen-js/main-base.bundle.B1GiwPttsH-nYBlFe_V2QA.js:2265)

  phantomjs://platform/console++.js:263 in error
[ERROR - 2018-07-30T00:18:13.367Z] Session [e0a79130-938d-11e8-bc80-398eec596328] - page.onError - msg: [LightStep:ERROR Sun Jul 29 2018 20:18:13 GMT-0400 (EDT)] Error in report: status code = 0 [object Object]

  phantomjs://platform/console++.js:263 in error
[ERROR - 2018-07-30T00:18:13.367Z] Session [e0a79130-938d-11e8-bc80-398eec596328] - page.onError - stack:
  tN (https://cdn-static-1.medium.com/_/fp/gen-js/main-base.bundle.B1GiwPttsH-nYBlFe_V2QA.js:2265)

  phantomjs://platform/console++.js:263 in error
